<?xml version='1.0' encoding='UTF-8'?>
<buildlog>
  <outpath>.</outpath>
  <operation>
    <module>lbuild</module>
    <source>buildlog.xml.in</source>
    <destination>project.xml.log</destination>
  </operation>
  <operation>
    <module>modm:architecture</module>
    <source>..\..\ext\modm\src\modm\architecture\architecture.hpp</source>
    <destination>modm\src\modm\architecture.hpp</destination>
    <time>0.000 ms</time>
  </operation>
  <operation>
    <module>modm:architecture</module>
    <source>..\..\ext\modm\src\modm\architecture\detect.hpp</source>
    <destination>modm\src\modm\architecture\detect.hpp</destination>
    <time>0.000 ms</time>
  </operation>
  <operation>
    <module>modm:architecture</module>
    <source>..\..\ext\modm\src\modm\architecture\interface.hpp.in</source>
    <destination>modm\src\modm\architecture\interface.hpp</destination>
    <time>11.012 ms</time>
  </operation>
  <operation>
    <module>modm:architecture</module>
    <source>..\..\ext\modm\src\modm\architecture\interface\peripheral.hpp</source>
    <destination>modm\src\modm\architecture\interface\peripheral.hpp</destination>
    <time>0.000 ms</time>
  </operation>
  <operation>
    <module>modm:architecture</module>
    <source>..\..\ext\modm\src\modm\architecture\utils.hpp</source>
    <destination>modm\src\modm\architecture\utils.hpp</destination>
    <time>0.000 ms</time>
  </operation>
  <operation>
    <module>modm:architecture:accessor</module>
    <source>..\..\ext\modm\src\modm\architecture\interface\accessor.hpp</source>
    <destination>modm\src\modm\architecture\interface\accessor.hpp</destination>
    <time>0.000 ms</time>
  </operation>
  <operation>
    <module>modm:architecture:accessor</module>
    <source>..\..\ext\modm\src\modm\architecture\interface\accessor_flash.hpp</source>
    <destination>modm\src\modm\architecture\interface\accessor_flash.hpp</destination>
    <time>15.621 ms</time>
  </operation>
  <operation>
    <module>modm:architecture:accessor</module>
    <source>..\..\ext\modm\src\modm\architecture\interface\accessor_ram.hpp</source>
    <destination>modm\src\modm\architecture\interface\accessor_ram.hpp</destination>
    <time>0.000 ms</time>
  </operation>
  <operation>
    <module>modm:architecture:adc</module>
    <source>..\..\ext\modm\src\modm\architecture\interface\adc.hpp</source>
    <destination>modm\src\modm\architecture\interface\adc.hpp</destination>
    <time>0.000 ms</time>
  </operation>
  <operation>
    <module>modm:architecture:adc</module>
    <source>..\..\ext\modm\src\modm\architecture\interface\adc_interrupt.hpp</source>
    <destination>modm\src\modm\architecture\interface\adc_interrupt.hpp</destination>
    <time>0.000 ms</time>
  </operation>
  <operation>
    <module>modm:architecture:assert</module>
    <source>..\..\ext\modm\src\modm\architecture\interface\assert.h.in</source>
    <destination>modm\src\modm\architecture\interface\assert.h</destination>
    <time>0.000 ms</time>
  </operation>
  <operation>
    <module>modm:architecture:assert</module>
    <source>..\..\ext\modm\src\modm\architecture\interface\assert.hpp.in</source>
    <destination>modm\src\modm\architecture\interface\assert.hpp</destination>
    <time>15.621 ms</time>
  </operation>
  <operation>
    <module>modm:architecture:atomic</module>
    <source>..\..\ext\modm\src\modm\architecture\driver\atomic.hpp</source>
    <destination>modm\src\modm\architecture\driver\atomic.hpp</destination>
    <time>0.000 ms</time>
  </operation>
  <operation>
    <module>modm:architecture:atomic</module>
    <source>..\..\ext\modm\src\modm\architecture\driver\atomic\container.hpp</source>
    <destination>modm\src\modm\architecture\driver\atomic\container.hpp</destination>
    <time>0.000 ms</time>
  </operation>
  <operation>
    <module>modm:architecture:atomic</module>
    <source>..\..\ext\modm\src\modm\architecture\driver\atomic\flag.cpp</source>
    <destination>modm\src\modm\architecture\driver\atomic\flag.cpp</destination>
    <time>0.000 ms</time>
  </operation>
  <operation>
    <module>modm:architecture:atomic</module>
    <source>..\..\ext\modm\src\modm\architecture\driver\atomic\flag.hpp</source>
    <destination>modm\src\modm\architecture\driver\atomic\flag.hpp</destination>
    <time>0.000 ms</time>
  </operation>
  <operation>
    <module>modm:architecture:atomic</module>
    <source>..\..\ext\modm\src\modm\architecture\driver\atomic\queue.hpp</source>
    <destination>modm\src\modm\architecture\driver\atomic\queue.hpp</destination>
    <time>0.000 ms</time>
  </operation>
  <operation>
    <module>modm:architecture:atomic</module>
    <source>..\..\ext\modm\src\modm\architecture\driver\atomic\queue_impl.hpp</source>
    <destination>modm\src\modm\architecture\driver\atomic\queue_impl.hpp</destination>
    <time>0.000 ms</time>
  </operation>
  <operation>
    <module>modm:architecture:atomic</module>
    <source>..\..\ext\modm\src\modm\architecture\interface\atomic_lock.hpp</source>
    <destination>modm\src\modm\architecture\interface\atomic_lock.hpp</destination>
    <time>0.000 ms</time>
  </operation>
  <operation>
    <module>modm:architecture:clock</module>
    <source>..\..\ext\modm\src\modm\architecture\interface\clock.hpp</source>
    <destination>modm\src\modm\architecture\interface\clock.hpp</destination>
    <time>0.000 ms</time>
  </operation>
  <operation>
    <module>modm:architecture:delay</module>
    <source>..\..\ext\modm\src\modm\architecture\interface\delay.hpp</source>
    <destination>modm\src\modm\architecture\interface\delay.hpp</destination>
    <time>0.000 ms</time>
  </operation>
  <operation>
    <module>modm:architecture:fiber</module>
    <source>..\..\ext\modm\src\modm\architecture\interface\fiber.hpp</source>
    <destination>modm\src\modm\architecture\interface\fiber.hpp</destination>
    <time>0.000 ms</time>
  </operation>
  <operation>
    <module>modm:architecture:gpio</module>
    <source>..\..\ext\modm\src\modm\architecture\interface\gpio.hpp</source>
    <destination>modm\src\modm\architecture\interface\gpio.hpp</destination>
    <time>0.000 ms</time>
  </operation>
  <operation>
    <module>modm:architecture:i2c</module>
    <source>..\..\ext\modm\src\modm\architecture\interface\i2c.hpp</source>
    <destination>modm\src\modm\architecture\interface\i2c.hpp</destination>
    <time>0.000 ms</time>
  </operation>
  <operation>
    <module>modm:architecture:i2c</module>
    <source>..\..\ext\modm\src\modm\architecture\interface\i2c_master.hpp</source>
    <destination>modm\src\modm\architecture\interface\i2c_master.hpp</destination>
    <time>0.000 ms</time>
  </operation>
  <operation>
    <module>modm:architecture:i2c</module>
    <source>..\..\ext\modm\src\modm\architecture\interface\i2c_transaction.hpp</source>
    <destination>modm\src\modm\architecture\interface\i2c_transaction.hpp</destination>
    <time>0.000 ms</time>
  </operation>
  <operation>
    <module>modm:architecture:i2c.device</module>
    <source>..\..\ext\modm\src\modm\architecture\interface\i2c_device.hpp</source>
    <destination>modm\src\modm\architecture\interface\i2c_device.hpp</destination>
    <time>0.000 ms</time>
  </operation>
  <operation>
    <module>modm:architecture:interrupt</module>
    <source>..\..\ext\modm\src\modm\architecture\interface\interrupt.hpp</source>
    <destination>modm\src\modm\architecture\interface\interrupt.hpp</destination>
    <time>0.000 ms</time>
  </operation>
  <operation>
    <module>modm:architecture:register</module>
    <source>..\..\ext\modm\src\modm\architecture\interface\register.hpp</source>
    <destination>modm\src\modm\architecture\interface\register.hpp</destination>
    <time>0.000 ms</time>
  </operation>
  <operation>
    <module>modm:architecture:spi</module>
    <source>..\..\ext\modm\src\modm\architecture\interface\spi.hpp</source>
    <destination>modm\src\modm\architecture\interface\spi.hpp</destination>
    <time>15.619 ms</time>
  </operation>
  <operation>
    <module>modm:architecture:spi</module>
    <source>..\..\ext\modm\src\modm\architecture\interface\spi_lock.hpp</source>
    <destination>modm\src\modm\architecture\interface\spi_lock.hpp</destination>
    <time>0.000 ms</time>
  </operation>
  <operation>
    <module>modm:architecture:spi</module>
    <source>..\..\ext\modm\src\modm\architecture\interface\spi_master.hpp</source>
    <destination>modm\src\modm\architecture\interface\spi_master.hpp</destination>
    <time>0.000 ms</time>
  </operation>
  <operation>
    <module>modm:architecture:spi.device</module>
    <source>..\..\ext\modm\src\modm\architecture\interface\spi_device.hpp</source>
    <destination>modm\src\modm\architecture\interface\spi_device.hpp</destination>
    <time>0.000 ms</time>
  </operation>
  <operation>
    <module>modm:architecture:uart</module>
    <source>..\..\ext\modm\src\modm\architecture\interface\uart.hpp</source>
    <destination>modm\src\modm\architecture\interface\uart.hpp</destination>
    <time>0.000 ms</time>
  </operation>
  <operation>
    <module>modm:board</module>
    <source>..\..\ext\modm\src\modm\board\board.hpp</source>
    <destination>modm\src\modm\board.hpp</destination>
    <time>0.000 ms</time>
  </operation>
  <operation>
    <module>modm:board:disco-f407vg</module>
    <source>..\..\ext\modm\src\modm\board\board.cpp.in</source>
    <destination>modm\src\modm\board\board.cpp</destination>
    <time>0.000 ms</time>
  </operation>
  <operation>
    <module>modm:board:disco-f407vg</module>
    <source>..\..\ext\modm\src\modm\board\disco_f407vg\board.hpp</source>
    <destination>modm\src\modm\board\board.hpp</destination>
    <time>0.000 ms</time>
  </operation>
  <operation>
    <module>modm:build</module>
    <source>..\..\ext\modm\tools\build_script_generator\gdbinit.in</source>
    <destination>modm\gdbinit</destination>
    <time>0.000 ms</time>
  </operation>
  <operation>
    <module>modm:build</module>
    <source>..\..\ext\modm\tools\build_script_generator\gitignore.in</source>
    <destination>modm\.gitignore</destination>
    <time>0.000 ms</time>
  </operation>
  <operation>
    <module>modm:build</module>
    <source>..\..\ext\modm\tools\build_script_generator\info_build.h</source>
    <destination>modm\src\info_build.h</destination>
    <time>0.000 ms</time>
  </operation>
  <operation>
    <module>modm:build</module>
    <source>..\..\ext\modm\tools\build_script_generator\info_git.h</source>
    <destination>modm\src\info_git.h</destination>
    <time>0.000 ms</time>
  </operation>
  <operation>
    <module>modm:build</module>
    <source>..\..\ext\modm\tools\build_script_generator\openocd.cfg.in</source>
    <destination>modm\openocd.cfg</destination>
    <time>15.630 ms</time>
  </operation>
  <operation>
    <module>modm:build</module>
    <source>..\..\ext\modm\tools\build_script_generator\probe_gdbinit.in</source>
    <destination>modm\gdbinit_bmp</destination>
    <time>1.464 ms</time>
  </operation>
  <operation>
    <module>modm:build</module>
    <source>..\..\ext\modm\tools\build_script_generator\probe_gdbinit.in</source>
    <destination>modm\gdbinit_jlink</destination>
    <time>0.995 ms</time>
  </operation>
  <operation>
    <module>modm:build</module>
    <source>..\..\ext\modm\tools\build_script_generator\probe_gdbinit.in</source>
    <destination>modm\gdbinit_openocd</destination>
    <time>17.989 ms</time>
  </operation>
  <operation>
    <module>modm:build</module>
    <source>..\..\ext\modm\tools\modm_tools\__init__.py.in</source>
    <destination>modm\modm_tools\__init__.py</destination>
    <time>0.000 ms</time>
  </operation>
  <operation>
    <module>modm:build</module>
    <source>..\..\ext\modm\tools\modm_tools\backend.py</source>
    <destination>modm\modm_tools\backend.py</destination>
    <time>0.000 ms</time>
  </operation>
  <operation>
    <module>modm:build</module>
    <source>..\..\ext\modm\tools\modm_tools\bmp.py</source>
    <destination>modm\modm_tools\bmp.py</destination>
    <time>0.000 ms</time>
  </operation>
  <operation>
    <module>modm:build</module>
    <source>..\..\ext\modm\tools\modm_tools\build_id.py</source>
    <destination>modm\modm_tools\build_id.py</destination>
    <time>0.000 ms</time>
  </operation>
  <operation>
    <module>modm:build</module>
    <source>..\..\ext\modm\tools\modm_tools\crashdebug.py</source>
    <destination>modm\modm_tools\crashdebug.py</destination>
    <time>15.573 ms</time>
  </operation>
  <operation>
    <module>modm:build</module>
    <source>..\..\ext\modm\tools\modm_tools\elf2uf2.py</source>
    <destination>modm\modm_tools\elf2uf2.py</destination>
    <time>0.000 ms</time>
  </operation>
  <operation>
    <module>modm:build</module>
    <source>..\..\ext\modm\tools\modm_tools\find_files.py</source>
    <destination>modm\modm_tools\find_files.py</destination>
    <time>0.000 ms</time>
  </operation>
  <operation>
    <module>modm:build</module>
    <source>..\..\ext\modm\tools\modm_tools\gdb.py</source>
    <destination>modm\modm_tools\gdb.py</destination>
    <time>0.000 ms</time>
  </operation>
  <operation>
    <module>modm:build</module>
    <source>..\..\ext\modm\tools\modm_tools\info.c.in</source>
    <destination>modm\modm_tools\info.c.in</destination>
    <time>0.000 ms</time>
  </operation>
  <operation>
    <module>modm:build</module>
    <source>..\..\ext\modm\tools\modm_tools\info.py</source>
    <destination>modm\modm_tools\info.py</destination>
    <time>0.000 ms</time>
  </operation>
  <operation>
    <module>modm:build</module>
    <source>..\..\ext\modm\tools\modm_tools\itm.py</source>
    <destination>modm\modm_tools\itm.py</destination>
    <time>0.000 ms</time>
  </operation>
  <operation>
    <module>modm:build</module>
    <source>..\..\ext\modm\tools\modm_tools\jlink.py</source>
    <destination>modm\modm_tools\jlink.py</destination>
    <time>15.636 ms</time>
  </operation>
  <operation>
    <module>modm:build</module>
    <source>..\..\ext\modm\tools\modm_tools\openocd.py</source>
    <destination>modm\modm_tools\openocd.py</destination>
    <time>0.000 ms</time>
  </operation>
  <operation>
    <module>modm:build</module>
    <source>..\..\ext\modm\tools\modm_tools\rtt.py</source>
    <destination>modm\modm_tools\rtt.py</destination>
    <time>0.000 ms</time>
  </operation>
  <operation>
    <module>modm:build</module>
    <source>..\..\ext\modm\tools\modm_tools\size.py</source>
    <destination>modm\modm_tools\size.py</destination>
    <time>0.000 ms</time>
  </operation>
  <operation>
    <module>modm:build</module>
    <source>..\..\ext\modm\tools\modm_tools\utils.py</source>
    <destination>modm\modm_tools\utils.py</destination>
    <time>0.000 ms</time>
  </operation>
  <operation>
    <module>modm:build:scons</module>
    <source>..\..\ext\modm\tools\build_script_generator\scons\resources\SConscript.in</source>
    <destination>modm\SConscript</destination>
    <time>220.128 ms</time>
  </operation>
  <operation>
    <module>modm:build:scons</module>
    <source>..\..\ext\modm\tools\build_script_generator\scons\resources\SConstruct.in</source>
    <destination>SConstruct</destination>
    <time>37.753 ms</time>
  </operation>
  <operation>
    <module>modm:build:scons</module>
    <source>..\..\ext\modm\tools\build_script_generator\scons\resources\build_target.py.in</source>
    <destination>modm\scons\site_tools\build_target.py</destination>
    <time>15.624 ms</time>
  </operation>
  <operation>
    <module>modm:build:scons</module>
    <source>..\..\ext\modm\tools\build_script_generator\scons\site_tools\artifact.py</source>
    <destination>modm\scons\site_tools\artifact.py</destination>
    <time>0.000 ms</time>
  </operation>
  <operation>
    <module>modm:build:scons</module>
    <source>..\..\ext\modm\tools\build_script_generator\scons\site_tools\bmp.py</source>
    <destination>modm\scons\site_tools\bmp.py</destination>
    <time>0.000 ms</time>
  </operation>
  <operation>
    <module>modm:build:scons</module>
    <source>..\..\ext\modm\tools\build_script_generator\scons\site_tools\comstr.py</source>
    <destination>modm\scons\site_tools\comstr.py</destination>
    <time>0.000 ms</time>
  </operation>
  <operation>
    <module>modm:build:scons</module>
    <source>..\..\ext\modm\tools\build_script_generator\scons\site_tools\crashdebug.py</source>
    <destination>modm\scons\site_tools\crashdebug.py</destination>
    <time>15.620 ms</time>
  </operation>
  <operation>
    <module>modm:build:scons</module>
    <source>..\..\ext\modm\tools\build_script_generator\scons\site_tools\dfu.py</source>
    <destination>modm\scons\site_tools\dfu.py</destination>
    <time>0.000 ms</time>
  </operation>
  <operation>
    <module>modm:build:scons</module>
    <source>..\..\ext\modm\tools\build_script_generator\scons\site_tools\elf2uf2.py</source>
    <destination>modm\scons\site_tools\elf2uf2.py</destination>
    <time>0.000 ms</time>
  </operation>
  <operation>
    <module>modm:build:scons</module>
    <source>..\..\ext\modm\tools\build_script_generator\scons\site_tools\find_files.py</source>
    <destination>modm\scons\site_tools\find_files.py</destination>
    <time>7.513 ms</time>
  </operation>
  <operation>
    <module>modm:build:scons</module>
    <source>..\..\ext\modm\tools\build_script_generator\scons\site_tools\gcc_retarget.py</source>
    <destination>modm\scons\site_tools\gcc_retarget.py</destination>
    <time>0.000 ms</time>
  </operation>
  <operation>
    <module>modm:build:scons</module>
    <source>..\..\ext\modm\tools\build_script_generator\scons\site_tools\gdb.py</source>
    <destination>modm\scons\site_tools\gdb.py</destination>
    <time>0.000 ms</time>
  </operation>
  <operation>
    <module>modm:build:scons</module>
    <source>..\..\ext\modm\tools\build_script_generator\scons\site_tools\info.py</source>
    <destination>modm\scons\site_tools\info.py</destination>
    <time>0.000 ms</time>
  </operation>
  <operation>
    <module>modm:build:scons</module>
    <source>..\..\ext\modm\tools\build_script_generator\scons\site_tools\jlink.py</source>
    <destination>modm\scons\site_tools\jlink.py</destination>
    <time>0.000 ms</time>
  </operation>
  <operation>
    <module>modm:build:scons</module>
    <source>..\..\ext\modm\tools\build_script_generator\scons\site_tools\openocd.py</source>
    <destination>modm\scons\site_tools\openocd.py</destination>
    <time>8.507 ms</time>
  </operation>
  <operation>
    <module>modm:build:scons</module>
    <source>..\..\ext\modm\tools\build_script_generator\scons\site_tools\qtcreator.py</source>
    <destination>modm\scons\site_tools\qtcreator.py</destination>
    <time>0.000 ms</time>
  </operation>
  <operation>
    <module>modm:build:scons</module>
    <source>..\..\ext\modm\tools\build_script_generator\scons\site_tools\qtcreator\project.config.in</source>
    <destination>modm\scons\site_tools\qtcreator\project.config.in</destination>
    <time>0.000 ms</time>
  </operation>
  <operation>
    <module>modm:build:scons</module>
    <source>..\..\ext\modm\tools\build_script_generator\scons\site_tools\qtcreator\project.creator.in</source>
    <destination>modm\scons\site_tools\qtcreator\project.creator.in</destination>
    <time>0.000 ms</time>
  </operation>
  <operation>
    <module>modm:build:scons</module>
    <source>..\..\ext\modm\tools\build_script_generator\scons\site_tools\qtcreator\project.files.in</source>
    <destination>modm\scons\site_tools\qtcreator\project.files.in</destination>
    <time>0.000 ms</time>
  </operation>
  <operation>
    <module>modm:build:scons</module>
    <source>..\..\ext\modm\tools\build_script_generator\scons\site_tools\qtcreator\project.includes.in</source>
    <destination>modm\scons\site_tools\qtcreator\project.includes.in</destination>
    <time>0.000 ms</time>
  </operation>
  <operation>
    <module>modm:build:scons</module>
    <source>..\..\ext\modm\tools\build_script_generator\scons\site_tools\size.py</source>
    <destination>modm\scons\site_tools\size.py</destination>
    <time>15.621 ms</time>
  </operation>
  <operation>
    <module>modm:build:scons</module>
    <source>..\..\ext\modm\tools\build_script_generator\scons\site_tools\template.py</source>
    <destination>modm\scons\site_tools\template.py</destination>
    <time>0.000 ms</time>
  </operation>
  <operation>
    <module>modm:build:scons</module>
    <source>..\..\ext\modm\tools\build_script_generator\scons\site_tools\utils.py</source>
    <destination>modm\scons\site_tools\utils.py</destination>
    <time>0.000 ms</time>
  </operation>
  <operation>
    <module>modm:build:scons</module>
    <source>..\..\ext\modm\tools\build_script_generator\scons\site_tools\utils_buildpath.py</source>
    <destination>modm\scons\site_tools\utils_buildpath.py</destination>
    <time>0.000 ms</time>
  </operation>
  <operation>
    <module>modm:cmsis:core</module>
    <source>..\..\ext\modm\ext\arm\cmsis\CMSIS\Core\Include\cmsis_compiler.h</source>
    <destination>modm\ext\cmsis\core\cmsis_compiler.h</destination>
    <time>0.000 ms</time>
  </operation>
  <operation>
    <module>modm:cmsis:core</module>
    <source>..\..\ext\modm\ext\arm\cmsis\CMSIS\Core\Include\cmsis_gcc.h</source>
    <destination>modm\ext\cmsis\core\cmsis_gcc.h</destination>
    <time>14.509 ms</time>
  </operation>
  <operation>
    <module>modm:cmsis:core</module>
    <source>..\..\ext\modm\ext\arm\cmsis\CMSIS\Core\Include\cmsis_version.h</source>
    <destination>modm\ext\cmsis\core\cmsis_version.h</destination>
    <time>0.000 ms</time>
  </operation>
  <operation>
    <module>modm:cmsis:core</module>
    <source>..\..\ext\modm\ext\arm\cmsis\CMSIS\Core\Include\core_cm4.h</source>
    <destination>modm\ext\cmsis\core\core_cm4.h</destination>
    <time>0.000 ms</time>
  </operation>
  <operation>
    <module>modm:cmsis:core</module>
    <source>..\..\ext\modm\ext\arm\cmsis\CMSIS\Core\Include\m-profile\armv7m_mpu.h</source>
    <destination>modm\ext\cmsis\core\m-profile\armv7m_mpu.h</destination>
    <time>0.000 ms</time>
  </operation>
  <operation>
    <module>modm:cmsis:core</module>
    <source>..\..\ext\modm\ext\arm\cmsis\CMSIS\Core\Include\m-profile\cmsis_gcc_m.h</source>
    <destination>modm\ext\cmsis\core\m-profile\cmsis_gcc_m.h</destination>
    <time>1.512 ms</time>
  </operation>
  <operation>
    <module>modm:cmsis:device</module>
    <source>..\..\ext\modm\ext\st\device.hpp.in</source>
    <destination>modm\src\modm\platform\device.hpp</destination>
    <time>15.642 ms</time>
  </operation>
  <operation>
    <module>modm:cmsis:device</module>
    <source>..\..\ext\modm\ext\st\peripherals.hpp.in</source>
    <destination>modm\src\modm\platform\core\peripherals.hpp</destination>
    <time>0.000 ms</time>
  </operation>
  <operation>
    <module>modm:cmsis:device</module>
    <source>..\..\ext\modm\ext\st\stm32\stm32f4xx\Include\stm32f407xx.h</source>
    <destination>modm\ext\cmsis\device\stm32f407xx.h</destination>
    <time>0.000 ms</time>
  </operation>
  <operation>
    <module>modm:cmsis:device</module>
    <source>..\..\ext\modm\ext\st\stm32\stm32f4xx\Include\stm32f4xx.h</source>
    <destination>modm\ext\cmsis\device\stm32f4xx.h</destination>
    <time>0.000 ms</time>
  </operation>
  <operation>
    <module>modm:cmsis:device</module>
    <source>..\..\ext\modm\ext\st\stm32\stm32f4xx\Include\system_stm32f4xx.h</source>
    <destination>modm\ext\cmsis\device\system_stm32f4xx.h</destination>
    <time>0.000 ms</time>
  </operation>
  <operation>
    <module>modm:container</module>
    <source>..\..\ext\modm\src\modm\container\container.hpp</source>
    <destination>modm\src\modm\container.hpp</destination>
    <time>0.000 ms</time>
  </operation>
  <operation>
    <module>modm:container</module>
    <source>..\..\ext\modm\src\modm\container\deque.hpp</source>
    <destination>modm\src\modm\container\deque.hpp</destination>
    <time>0.000 ms</time>
  </operation>
  <operation>
    <module>modm:container</module>
    <source>..\..\ext\modm\src\modm\container\deque_impl.hpp</source>
    <destination>modm\src\modm\container\deque_impl.hpp</destination>
    <time>0.000 ms</time>
  </operation>
  <operation>
    <module>modm:container</module>
    <source>..\..\ext\modm\src\modm\container\doubly_linked_list.hpp</source>
    <destination>modm\src\modm\container\doubly_linked_list.hpp</destination>
    <time>0.000 ms</time>
  </operation>
  <operation>
    <module>modm:container</module>
    <source>..\..\ext\modm\src\modm\container\dynamic_array.hpp</source>
    <destination>modm\src\modm\container\dynamic_array.hpp</destination>
    <time>0.000 ms</time>
  </operation>
  <operation>
    <module>modm:container</module>
    <source>..\..\ext\modm\src\modm\container\linked_list.hpp</source>
    <destination>modm\src\modm\container\linked_list.hpp</destination>
    <time>0.000 ms</time>
  </operation>
  <operation>
    <module>modm:container</module>
    <source>..\..\ext\modm\src\modm\container\module.md</source>
    <destination>modm\src\modm\container\module.md</destination>
    <time>0.000 ms</time>
  </operation>
  <operation>
    <module>modm:container</module>
    <source>..\..\ext\modm\src\modm\container\pair.hpp</source>
    <destination>modm\src\modm\container\pair.hpp</destination>
    <time>0.000 ms</time>
  </operation>
  <operation>
    <module>modm:container</module>
    <source>..\..\ext\modm\src\modm\container\queue.hpp</source>
    <destination>modm\src\modm\container\queue.hpp</destination>
    <time>15.640 ms</time>
  </operation>
  <operation>
    <module>modm:container</module>
    <source>..\..\ext\modm\src\modm\container\smart_pointer.cpp</source>
    <destination>modm\src\modm\container\smart_pointer.cpp</destination>
    <time>0.000 ms</time>
  </operation>
  <operation>
    <module>modm:container</module>
    <source>..\..\ext\modm\src\modm\container\smart_pointer.hpp</source>
    <destination>modm\src\modm\container\smart_pointer.hpp</destination>
    <time>0.000 ms</time>
  </operation>
  <operation>
    <module>modm:container</module>
    <source>..\..\ext\modm\src\modm\container\stack.hpp</source>
    <destination>modm\src\modm\container\stack.hpp</destination>
    <time>5.044 ms</time>
  </operation>
  <operation>
    <module>modm:debug</module>
    <source>..\..\ext\modm\src\modm\debug\debug.hpp</source>
    <destination>modm\src\modm\debug.hpp</destination>
    <time>15.620 ms</time>
  </operation>
  <operation>
    <module>modm:debug</module>
    <source>..\..\ext\modm\src\modm\debug\debug.hpp</source>
    <destination>modm\src\modm\debug\debug.hpp</destination>
    <time>0.000 ms</time>
  </operation>
  <operation>
    <module>modm:debug</module>
    <source>..\..\ext\modm\src\modm\debug\logger.hpp</source>
    <destination>modm\src\modm\debug\logger.hpp</destination>
    <time>0.000 ms</time>
  </operation>
  <operation>
    <module>modm:debug</module>
    <source>..\..\ext\modm\src\modm\debug\logger\level.hpp</source>
    <destination>modm\src\modm\debug\logger\level.hpp</destination>
    <time>0.000 ms</time>
  </operation>
  <operation>
    <module>modm:debug</module>
    <source>..\..\ext\modm\src\modm\debug\logger\logger.hpp</source>
    <destination>modm\src\modm\debug\logger\logger.hpp</destination>
    <time>0.000 ms</time>
  </operation>
  <operation>
    <module>modm:debug</module>
    <source>..\..\ext\modm\src\modm\debug\logger\style.hpp</source>
    <destination>modm\src\modm\debug\logger\style.hpp</destination>
    <time>0.000 ms</time>
  </operation>
  <operation>
    <module>modm:debug</module>
    <source>..\..\ext\modm\src\modm\debug\logger\style\prefix.hpp</source>
    <destination>modm\src\modm\debug\logger\style\prefix.hpp</destination>
    <time>15.621 ms</time>
  </operation>
  <operation>
    <module>modm:debug</module>
    <source>..\..\ext\modm\src\modm\debug\logger\style\prefix_impl.hpp</source>
    <destination>modm\src\modm\debug\logger\style\prefix_impl.hpp</destination>
    <time>0.000 ms</time>
  </operation>
  <operation>
    <module>modm:debug</module>
    <source>..\..\ext\modm\src\modm\debug\logger\style\std_colour.hpp</source>
    <destination>modm\src\modm\debug\logger\style\std_colour.hpp</destination>
    <time>0.000 ms</time>
  </operation>
  <operation>
    <module>modm:debug</module>
    <source>..\..\ext\modm\src\modm\debug\logger\style\std_colour_impl.hpp</source>
    <destination>modm\src\modm\debug\logger\style\std_colour_impl.hpp</destination>
    <time>0.000 ms</time>
  </operation>
  <operation>
    <module>modm:debug</module>
    <source>..\..\ext\modm\src\modm\debug\logger\style_impl.hpp</source>
    <destination>modm\src\modm\debug\logger\style_impl.hpp</destination>
    <time>0.000 ms</time>
  </operation>
  <operation>
    <module>modm:debug</module>
    <source>..\..\ext\modm\src\modm\debug\logger\style_wrapper.hpp</source>
    <destination>modm\src\modm\debug\logger\style_wrapper.hpp</destination>
    <time>0.000 ms</time>
  </operation>
  <operation>
    <module>modm:debug</module>
    <source>..\..\ext\modm\src\modm\debug\module.md</source>
    <destination>modm\src\modm\debug\module.md</destination>
    <time>0.000 ms</time>
  </operation>
  <operation>
    <module>modm:docs</module>
    <source>..\..\ext\modm\README.md</source>
    <destination>modm\docs\README.md</destination>
    <time>0.000 ms</time>
  </operation>
  <operation>
    <module>modm:docs</module>
    <source>..\..\ext\modm\tools\doc_generator\custom.css</source>
    <destination>modm\docs\custom.css</destination>
    <time>0.000 ms</time>
  </operation>
  <operation>
    <module>modm:docs</module>
    <source>..\..\ext\modm\tools\doc_generator\custom_dark_theme.css</source>
    <destination>modm\docs\custom_dark_theme.css</destination>
    <time>15.622 ms</time>
  </operation>
  <operation>
    <module>modm:docs</module>
    <source>..\..\ext\modm\tools\doc_generator\doxyfile.cfg.in</source>
    <destination>modm\docs\doxyfile.cfg</destination>
    <time>15.620 ms</time>
  </operation>
  <operation>
    <module>modm:docs</module>
    <source>..\..\ext\modm\tools\doc_generator\doxypress.json.in</source>
    <destination>modm\docs\doxypress.json</destination>
    <time>15.621 ms</time>
  </operation>
  <operation>
    <module>modm:docs</module>
    <source>..\..\ext\modm\tools\doc_generator\footer.html</source>
    <destination>modm\docs\footer.html</destination>
    <time>0.000 ms</time>
  </operation>
  <operation>
    <module>modm:docs</module>
    <source>..\..\ext\modm\tools\doc_generator\group.dox.in</source>
    <destination>modm\docs\dox\modm-architecture-accessor.dox</destination>
    <time>0.000 ms</time>
  </operation>
  <operation>
    <module>modm:docs</module>
    <source>..\..\ext\modm\tools\doc_generator\group.dox.in</source>
    <destination>modm\docs\dox\modm-architecture-adc.dox</destination>
    <time>31.643 ms</time>
  </operation>
  <operation>
    <module>modm:docs</module>
    <source>..\..\ext\modm\tools\doc_generator\group.dox.in</source>
    <destination>modm\docs\dox\modm-architecture-assert.dox</destination>
    <time>15.626 ms</time>
  </operation>
  <operation>
    <module>modm:docs</module>
    <source>..\..\ext\modm\tools\doc_generator\group.dox.in</source>
    <destination>modm\docs\dox\modm-architecture-atomic.dox</destination>
    <time>15.622 ms</time>
  </operation>
  <operation>
    <module>modm:docs</module>
    <source>..\..\ext\modm\tools\doc_generator\group.dox.in</source>
    <destination>modm\docs\dox\modm-architecture-clock.dox</destination>
    <time>13.272 ms</time>
  </operation>
  <operation>
    <module>modm:docs</module>
    <source>..\..\ext\modm\tools\doc_generator\group.dox.in</source>
    <destination>modm\docs\dox\modm-architecture-delay.dox</destination>
    <time>15.625 ms</time>
  </operation>
  <operation>
    <module>modm:docs</module>
    <source>..\..\ext\modm\tools\doc_generator\group.dox.in</source>
    <destination>modm\docs\dox\modm-architecture-fiber.dox</destination>
    <time>15.621 ms</time>
  </operation>
  <operation>
    <module>modm:docs</module>
    <source>..\..\ext\modm\tools\doc_generator\group.dox.in</source>
    <destination>modm\docs\dox\modm-architecture-gpio.dox</destination>
    <time>23.133 ms</time>
  </operation>
  <operation>
    <module>modm:docs</module>
    <source>..\..\ext\modm\tools\doc_generator\group.dox.in</source>
    <destination>modm\docs\dox\modm-architecture-i2c-device.dox</destination>
    <time>26.504 ms</time>
  </operation>
  <operation>
    <module>modm:docs</module>
    <source>..\..\ext\modm\tools\doc_generator\group.dox.in</source>
    <destination>modm\docs\dox\modm-architecture-i2c.dox</destination>
    <time>40.425 ms</time>
  </operation>
  <operation>
    <module>modm:docs</module>
    <source>..\..\ext\modm\tools\doc_generator\group.dox.in</source>
    <destination>modm\docs\dox\modm-architecture-interrupt.dox</destination>
    <time>15.509 ms</time>
  </operation>
  <operation>
    <module>modm:docs</module>
    <source>..\..\ext\modm\tools\doc_generator\group.dox.in</source>
    <destination>modm\docs\dox\modm-architecture-register.dox</destination>
    <time>17.636 ms</time>
  </operation>
  <operation>
    <module>modm:docs</module>
    <source>..\..\ext\modm\tools\doc_generator\group.dox.in</source>
    <destination>modm\docs\dox\modm-architecture-spi-device.dox</destination>
    <time>15.630 ms</time>
  </operation>
  <operation>
    <module>modm:docs</module>
    <source>..\..\ext\modm\tools\doc_generator\group.dox.in</source>
    <destination>modm\docs\dox\modm-architecture-spi.dox</destination>
    <time>14.005 ms</time>
  </operation>
  <operation>
    <module>modm:docs</module>
    <source>..\..\ext\modm\tools\doc_generator\group.dox.in</source>
    <destination>modm\docs\dox\modm-architecture-uart.dox</destination>
    <time>0.000 ms</time>
  </operation>
  <operation>
    <module>modm:docs</module>
    <source>..\..\ext\modm\tools\doc_generator\group.dox.in</source>
    <destination>modm\docs\dox\modm-architecture.dox</destination>
    <time>62.491 ms</time>
  </operation>
  <operation>
    <module>modm:docs</module>
    <source>..\..\ext\modm\tools\doc_generator\group.dox.in</source>
    <destination>modm\docs\dox\modm-board-disco-f407vg.dox</destination>
    <time>15.623 ms</time>
  </operation>
  <operation>
    <module>modm:docs</module>
    <source>..\..\ext\modm\tools\doc_generator\group.dox.in</source>
    <destination>modm\docs\dox\modm-board.dox</destination>
    <time>15.620 ms</time>
  </operation>
  <operation>
    <module>modm:docs</module>
    <source>..\..\ext\modm\tools\doc_generator\group.dox.in</source>
    <destination>modm\docs\dox\modm-build-scons.dox</destination>
    <time>23.631 ms</time>
  </operation>
  <operation>
    <module>modm:docs</module>
    <source>..\..\ext\modm\tools\doc_generator\group.dox.in</source>
    <destination>modm\docs\dox\modm-build.dox</destination>
    <time>15.621 ms</time>
  </operation>
  <operation>
    <module>modm:docs</module>
    <source>..\..\ext\modm\tools\doc_generator\group.dox.in</source>
    <destination>modm\docs\dox\modm-cmsis-core.dox</destination>
    <time>15.631 ms</time>
  </operation>
  <operation>
    <module>modm:docs</module>
    <source>..\..\ext\modm\tools\doc_generator\group.dox.in</source>
    <destination>modm\docs\dox\modm-cmsis-device.dox</destination>
    <time>46.861 ms</time>
  </operation>
  <operation>
    <module>modm:docs</module>
    <source>..\..\ext\modm\tools\doc_generator\group.dox.in</source>
    <destination>modm\docs\dox\modm-cmsis.dox</destination>
    <time>8.006 ms</time>
  </operation>
  <operation>
    <module>modm:docs</module>
    <source>..\..\ext\modm\tools\doc_generator\group.dox.in</source>
    <destination>modm\docs\dox\modm-container.dox</destination>
    <time>15.629 ms</time>
  </operation>
  <operation>
    <module>modm:docs</module>
    <source>..\..\ext\modm\tools\doc_generator\group.dox.in</source>
    <destination>modm\docs\dox\modm-debug.dox</destination>
    <time>14.009 ms</time>
  </operation>
  <operation>
    <module>modm:docs</module>
    <source>..\..\ext\modm\tools\doc_generator\group.dox.in</source>
    <destination>modm\docs\dox\modm-docs.dox</destination>
    <time>17.637 ms</time>
  </operation>
  <operation>
    <module>modm:docs</module>
    <source>..\..\ext\modm\tools\doc_generator\group.dox.in</source>
    <destination>modm\docs\dox\modm-driver-lis3-transport.dox</destination>
    <time>57.721 ms</time>
  </operation>
  <operation>
    <module>modm:docs</module>
    <source>..\..\ext\modm\tools\doc_generator\group.dox.in</source>
    <destination>modm\docs\dox\modm-driver-lis3dsh.dox</destination>
    <time>24.435 ms</time>
  </operation>
  <operation>
    <module>modm:docs</module>
    <source>..\..\ext\modm\tools\doc_generator\group.dox.in</source>
    <destination>modm\docs\dox\modm-driver.dox</destination>
    <time>15.622 ms</time>
  </operation>
  <operation>
    <module>modm:docs</module>
    <source>..\..\ext\modm\tools\doc_generator\group.dox.in</source>
    <destination>modm\docs\dox\modm-ide-vscode.dox</destination>
    <time>10.856 ms</time>
  </operation>
  <operation>
    <module>modm:docs</module>
    <source>..\..\ext\modm\tools\doc_generator\group.dox.in</source>
    <destination>modm\docs\dox\modm-ide.dox</destination>
    <time>25.464 ms</time>
  </operation>
  <operation>
    <module>modm:docs</module>
    <source>..\..\ext\modm\tools\doc_generator\group.dox.in</source>
    <destination>modm\docs\dox\modm-io.dox</destination>
    <time>39.345 ms</time>
  </operation>
  <operation>
    <module>modm:docs</module>
    <source>..\..\ext\modm\tools\doc_generator\group.dox.in</source>
    <destination>modm\docs\dox\modm-math-algorithm.dox</destination>
    <time>15.645 ms</time>
  </operation>
  <operation>
    <module>modm:docs</module>
    <source>..\..\ext\modm\tools\doc_generator\group.dox.in</source>
    <destination>modm\docs\dox\modm-math-filter.dox</destination>
    <time>14.889 ms</time>
  </operation>
  <operation>
    <module>modm:docs</module>
    <source>..\..\ext\modm\tools\doc_generator\group.dox.in</source>
    <destination>modm\docs\dox\modm-math-saturation.dox</destination>
    <time>111.065 ms</time>
  </operation>
  <operation>
    <module>modm:docs</module>
    <source>..\..\ext\modm\tools\doc_generator\group.dox.in</source>
    <destination>modm\docs\dox\modm-math-units.dox</destination>
    <time>0.000 ms</time>
  </operation>
  <operation>
    <module>modm:docs</module>
    <source>..\..\ext\modm\tools\doc_generator\group.dox.in</source>
    <destination>modm\docs\dox\modm-math-utils.dox</destination>
    <time>31.247 ms</time>
  </operation>
  <operation>
    <module>modm:docs</module>
    <source>..\..\ext\modm\tools\doc_generator\group.dox.in</source>
    <destination>modm\docs\dox\modm-math.dox</destination>
    <time>15.435 ms</time>
  </operation>
  <operation>
    <module>modm:docs</module>
    <source>..\..\ext\modm\tools\doc_generator\group.dox.in</source>
    <destination>modm\docs\dox\modm-platform-adc-1.dox</destination>
    <time>31.257 ms</time>
  </operation>
  <operation>
    <module>modm:docs</module>
    <source>..\..\ext\modm\tools\doc_generator\group.dox.in</source>
    <destination>modm\docs\dox\modm-platform-adc.dox</destination>
    <time>12.008 ms</time>
  </operation>
  <operation>
    <module>modm:docs</module>
    <source>..\..\ext\modm\tools\doc_generator\group.dox.in</source>
    <destination>modm\docs\dox\modm-platform-clock.dox</destination>
    <time>15.612 ms</time>
  </operation>
  <operation>
    <module>modm:docs</module>
    <source>..\..\ext\modm\tools\doc_generator\group.dox.in</source>
    <destination>modm\docs\dox\modm-platform-core.dox</destination>
    <time>15.622 ms</time>
  </operation>
  <operation>
    <module>modm:docs</module>
    <source>..\..\ext\modm\tools\doc_generator\group.dox.in</source>
    <destination>modm\docs\dox\modm-platform-cortex-m.dox</destination>
    <time>15.874 ms</time>
  </operation>
  <operation>
    <module>modm:docs</module>
    <source>..\..\ext\modm\tools\doc_generator\group.dox.in</source>
    <destination>modm\docs\dox\modm-platform-gpio.dox</destination>
    <time>9.513 ms</time>
  </operation>
  <operation>
    <module>modm:docs</module>
    <source>..\..\ext\modm\tools\doc_generator\group.dox.in</source>
    <destination>modm\docs\dox\modm-platform-i2c-1.dox</destination>
    <time>15.627 ms</time>
  </operation>
  <operation>
    <module>modm:docs</module>
    <source>..\..\ext\modm\tools\doc_generator\group.dox.in</source>
    <destination>modm\docs\dox\modm-platform-i2c.dox</destination>
    <time>6.509 ms</time>
  </operation>
  <operation>
    <module>modm:docs</module>
    <source>..\..\ext\modm\tools\doc_generator\group.dox.in</source>
    <destination>modm\docs\dox\modm-platform-rcc.dox</destination>
    <time>15.623 ms</time>
  </operation>
  <operation>
    <module>modm:docs</module>
    <source>..\..\ext\modm\tools\doc_generator\group.dox.in</source>
    <destination>modm\docs\dox\modm-platform-rtt.dox</destination>
    <time>15.620 ms</time>
  </operation>
  <operation>
    <module>modm:docs</module>
    <source>..\..\ext\modm\tools\doc_generator\group.dox.in</source>
    <destination>modm\docs\dox\modm-platform-spi-1.dox</destination>
    <time>0.000 ms</time>
  </operation>
  <operation>
    <module>modm:docs</module>
    <source>..\..\ext\modm\tools\doc_generator\group.dox.in</source>
    <destination>modm\docs\dox\modm-platform-spi.dox</destination>
    <time>15.631 ms</time>
  </operation>
  <operation>
    <module>modm:docs</module>
    <source>..\..\ext\modm\tools\doc_generator\group.dox.in</source>
    <destination>modm\docs\dox\modm-platform-timer-1.dox</destination>
    <time>31.157 ms</time>
  </operation>
  <operation>
    <module>modm:docs</module>
    <source>..\..\ext\modm\tools\doc_generator\group.dox.in</source>
    <destination>modm\docs\dox\modm-platform-timer.dox</destination>
    <time>15.612 ms</time>
  </operation>
  <operation>
    <module>modm:docs</module>
    <source>..\..\ext\modm\tools\doc_generator\group.dox.in</source>
    <destination>modm\docs\dox\modm-platform-usb-fs.dox</destination>
    <time>0.000 ms</time>
  </operation>
  <operation>
    <module>modm:docs</module>
    <source>..\..\ext\modm\tools\doc_generator\group.dox.in</source>
    <destination>modm\docs\dox\modm-platform-usb.dox</destination>
    <time>15.621 ms</time>
  </operation>
  <operation>
    <module>modm:docs</module>
    <source>..\..\ext\modm\tools\doc_generator\group.dox.in</source>
    <destination>modm\docs\dox\modm-platform.dox</destination>
    <time>19.636 ms</time>
  </operation>
  <operation>
    <module>modm:docs</module>
    <source>..\..\ext\modm\tools\doc_generator\group.dox.in</source>
    <destination>modm\docs\dox\modm-printf.dox</destination>
    <time>25.563 ms</time>
  </operation>
  <operation>
    <module>modm:docs</module>
    <source>..\..\ext\modm\tools\doc_generator\group.dox.in</source>
    <destination>modm\docs\dox\modm-processing-fiber.dox</destination>
    <time>15.635 ms</time>
  </operation>
  <operation>
    <module>modm:docs</module>
    <source>..\..\ext\modm\tools\doc_generator\group.dox.in</source>
    <destination>modm\docs\dox\modm-processing-resumable.dox</destination>
    <time>16.041 ms</time>
  </operation>
  <operation>
    <module>modm:docs</module>
    <source>..\..\ext\modm\tools\doc_generator\group.dox.in</source>
    <destination>modm\docs\dox\modm-processing.dox</destination>
    <time>14.092 ms</time>
  </operation>
  <operation>
    <module>modm:docs</module>
    <source>..\..\ext\modm\tools\doc_generator\group.dox.in</source>
    <destination>modm\docs\dox\modm-stdc--.dox</destination>
    <time>15.621 ms</time>
  </operation>
  <operation>
    <module>modm:docs</module>
    <source>..\..\ext\modm\tools\doc_generator\group.dox.in</source>
    <destination>modm\docs\dox\modm-stdc.dox</destination>
    <time>15.628 ms</time>
  </operation>
  <operation>
    <module>modm:docs</module>
    <source>..\..\ext\modm\tools\doc_generator\group.dox.in</source>
    <destination>modm\docs\dox\modm-utils.dox</destination>
    <time>15.622 ms</time>
  </operation>
  <operation>
    <module>modm:driver:lis3.transport</module>
    <source>..\..\ext\modm\src\modm\driver\inertial\lis3_transport.hpp</source>
    <destination>modm\src\modm\driver\inertial\lis3_transport.hpp</destination>
    <time>0.000 ms</time>
  </operation>
  <operation>
    <module>modm:driver:lis3.transport</module>
    <source>..\..\ext\modm\src\modm\driver\inertial\lis3_transport_impl.hpp</source>
    <destination>modm\src\modm\driver\inertial\lis3_transport_impl.hpp</destination>
    <time>0.000 ms</time>
  </operation>
  <operation>
    <module>modm:driver:lis3dsh</module>
    <source>..\..\ext\modm\src\modm\driver\inertial\lis3dsh.hpp</source>
    <destination>modm\src\modm\driver\inertial\lis3dsh.hpp</destination>
    <time>0.000 ms</time>
  </operation>
  <operation>
    <module>modm:driver:lis3dsh</module>
    <source>..\..\ext\modm\src\modm\driver\inertial\lis3dsh_impl.hpp</source>
    <destination>modm\src\modm\driver\inertial\lis3dsh_impl.hpp</destination>
    <time>0.000 ms</time>
  </operation>
  <operation>
    <module>modm:ide:vscode</module>
    <source>..\..\ext\modm\tools\ide\vscode\c_cpp_properties.json.in</source>
    <destination>.vscode\c_cpp_properties.json</destination>
    <time>27.706 ms</time>
  </operation>
  <operation>
    <module>modm:ide:vscode</module>
    <source>..\..\ext\modm\tools\ide\vscode\launch.json.in</source>
    <destination>.vscode\launch.json</destination>
    <time>32.100 ms</time>
  </operation>
  <operation>
    <module>modm:ide:vscode</module>
    <source>..\..\ext\modm\tools\ide\vscode\tasks.json.in</source>
    <destination>.vscode\tasks.json</destination>
    <time>31.622 ms</time>
  </operation>
  <operation>
    <module>modm:io</module>
    <source>..\..\ext\modm\src\modm\io\io.hpp</source>
    <destination>modm\src\modm\io.hpp</destination>
    <time>15.620 ms</time>
  </operation>
  <operation>
    <module>modm:io</module>
    <source>..\..\ext\modm\src\modm\io\iodevice.hpp</source>
    <destination>modm\src\modm\io\iodevice.hpp</destination>
    <time>0.000 ms</time>
  </operation>
  <operation>
    <module>modm:io</module>
    <source>..\..\ext\modm\src\modm\io\iodevice_wrapper.hpp</source>
    <destination>modm\src\modm\io\iodevice_wrapper.hpp</destination>
    <time>0.000 ms</time>
  </operation>
  <operation>
    <module>modm:io</module>
    <source>..\..\ext\modm\src\modm\io\iostream.cpp</source>
    <destination>modm\src\modm\io\iostream.cpp</destination>
    <time>0.000 ms</time>
  </operation>
  <operation>
    <module>modm:io</module>
    <source>..\..\ext\modm\src\modm\io\iostream.hpp.in</source>
    <destination>modm\src\modm\io\iostream.hpp</destination>
    <time>15.617 ms</time>
  </operation>
  <operation>
    <module>modm:io</module>
    <source>..\..\ext\modm\src\modm\io\iostream_printf.cpp.in</source>
    <destination>modm\src\modm\io\iostream_printf.cpp</destination>
    <time>20.644 ms</time>
  </operation>
  <operation>
    <module>modm:io</module>
    <source>..\..\ext\modm\src\modm\io\module.md</source>
    <destination>modm\src\modm\io\module.md</destination>
    <time>11.012 ms</time>
  </operation>
  <operation>
    <module>modm:math</module>
    <source>..\..\ext\modm\src\modm\math\math.hpp.in</source>
    <destination>modm\src\modm\math.hpp</destination>
    <time>0.000 ms</time>
  </operation>
  <operation>
    <module>modm:math</module>
    <source>..\..\ext\modm\src\modm\math\tolerance.hpp</source>
    <destination>modm\src\modm\math\tolerance.hpp</destination>
    <time>0.000 ms</time>
  </operation>
  <operation>
    <module>modm:math:algorithm</module>
    <source>..\..\ext\modm\src\modm\math\algorithm.hpp</source>
    <destination>modm\src\modm\math\algorithm.hpp</destination>
    <time>16.561 ms</time>
  </operation>
  <operation>
    <module>modm:math:algorithm</module>
    <source>..\..\ext\modm\src\modm\math\algorithm\enumerate.hpp</source>
    <destination>modm\src\modm\math\algorithm\enumerate.hpp</destination>
    <time>0.000 ms</time>
  </operation>
  <operation>
    <module>modm:math:algorithm</module>
    <source>..\..\ext\modm\src\modm\math\algorithm\module.md</source>
    <destination>modm\src\modm\math\algorithm\module.md</destination>
    <time>0.000 ms</time>
  </operation>
  <operation>
    <module>modm:math:algorithm</module>
    <source>..\..\ext\modm\src\modm\math\algorithm\prescaler.hpp</source>
    <destination>modm\src\modm\math\algorithm\prescaler.hpp</destination>
    <time>0.000 ms</time>
  </operation>
  <operation>
    <module>modm:math:algorithm</module>
    <source>..\..\ext\modm\src\modm\math\algorithm\prescaler_counter.hpp</source>
    <destination>modm\src\modm\math\algorithm\prescaler_counter.hpp</destination>
    <time>0.000 ms</time>
  </operation>
  <operation>
    <module>modm:math:algorithm</module>
    <source>..\..\ext\modm\src\modm\math\algorithm\range.hpp</source>
    <destination>modm\src\modm\math\algorithm\range.hpp</destination>
    <time>0.000 ms</time>
  </operation>
  <operation>
    <module>modm:math:filter</module>
    <source>..\..\ext\modm\src\modm\math\filter.hpp</source>
    <destination>modm\src\modm\math\filter.hpp</destination>
    <time>0.000 ms</time>
  </operation>
  <operation>
    <module>modm:math:filter</module>
    <source>..\..\ext\modm\src\modm\math\filter\debounce.hpp</source>
    <destination>modm\src\modm\math\filter\debounce.hpp</destination>
    <time>0.000 ms</time>
  </operation>
  <operation>
    <module>modm:math:filter</module>
    <source>..\..\ext\modm\src\modm\math\filter\debounce_impl.hpp</source>
    <destination>modm\src\modm\math\filter\debounce_impl.hpp</destination>
    <time>0.000 ms</time>
  </operation>
  <operation>
    <module>modm:math:filter</module>
    <source>..\..\ext\modm\src\modm\math\filter\fir.hpp</source>
    <destination>modm\src\modm\math\filter\fir.hpp</destination>
    <time>0.000 ms</time>
  </operation>
  <operation>
    <module>modm:math:filter</module>
    <source>..\..\ext\modm\src\modm\math\filter\fir_impl.hpp</source>
    <destination>modm\src\modm\math\filter\fir_impl.hpp</destination>
    <time>0.000 ms</time>
  </operation>
  <operation>
    <module>modm:math:filter</module>
    <source>..\..\ext\modm\src\modm\math\filter\median.hpp</source>
    <destination>modm\src\modm\math\filter\median.hpp</destination>
    <time>0.000 ms</time>
  </operation>
  <operation>
    <module>modm:math:filter</module>
    <source>..\..\ext\modm\src\modm\math\filter\median_3_impl.hpp</source>
    <destination>modm\src\modm\math\filter\median_3_impl.hpp</destination>
    <time>0.000 ms</time>
  </operation>
  <operation>
    <module>modm:math:filter</module>
    <source>..\..\ext\modm\src\modm\math\filter\median_5_impl.hpp</source>
    <destination>modm\src\modm\math\filter\median_5_impl.hpp</destination>
    <time>0.000 ms</time>
  </operation>
  <operation>
    <module>modm:math:filter</module>
    <source>..\..\ext\modm\src\modm\math\filter\median_7_impl.hpp</source>
    <destination>modm\src\modm\math\filter\median_7_impl.hpp</destination>
    <time>15.648 ms</time>
  </operation>
  <operation>
    <module>modm:math:filter</module>
    <source>..\..\ext\modm\src\modm\math\filter\median_9_impl.hpp</source>
    <destination>modm\src\modm\math\filter\median_9_impl.hpp</destination>
    <time>0.000 ms</time>
  </operation>
  <operation>
    <module>modm:math:filter</module>
    <source>..\..\ext\modm\src\modm\math\filter\median_impl.hpp</source>
    <destination>modm\src\modm\math\filter\median_impl.hpp</destination>
    <time>0.000 ms</time>
  </operation>
  <operation>
    <module>modm:math:filter</module>
    <source>..\..\ext\modm\src\modm\math\filter\moving_average.hpp</source>
    <destination>modm\src\modm\math\filter\moving_average.hpp</destination>
    <time>0.000 ms</time>
  </operation>
  <operation>
    <module>modm:math:filter</module>
    <source>..\..\ext\modm\src\modm\math\filter\pid.hpp</source>
    <destination>modm\src\modm\math\filter\pid.hpp</destination>
    <time>0.000 ms</time>
  </operation>
  <operation>
    <module>modm:math:filter</module>
    <source>..\..\ext\modm\src\modm\math\filter\pid_impl.hpp</source>
    <destination>modm\src\modm\math\filter\pid_impl.hpp</destination>
    <time>0.000 ms</time>
  </operation>
  <operation>
    <module>modm:math:filter</module>
    <source>..\..\ext\modm\src\modm\math\filter\ramp.hpp</source>
    <destination>modm\src\modm\math\filter\ramp.hpp</destination>
    <time>0.000 ms</time>
  </operation>
  <operation>
    <module>modm:math:filter</module>
    <source>..\..\ext\modm\src\modm\math\filter\ramp_impl.hpp</source>
    <destination>modm\src\modm\math\filter\ramp_impl.hpp</destination>
    <time>0.000 ms</time>
  </operation>
  <operation>
    <module>modm:math:filter</module>
    <source>..\..\ext\modm\src\modm\math\filter\s_curve_controller.hpp</source>
    <destination>modm\src\modm\math\filter\s_curve_controller.hpp</destination>
    <time>0.000 ms</time>
  </operation>
  <operation>
    <module>modm:math:filter</module>
    <source>..\..\ext\modm\src\modm\math\filter\s_curve_controller_impl.hpp</source>
    <destination>modm\src\modm\math\filter\s_curve_controller_impl.hpp</destination>
    <time>0.000 ms</time>
  </operation>
  <operation>
    <module>modm:math:filter</module>
    <source>..\..\ext\modm\src\modm\math\filter\s_curve_generator.hpp</source>
    <destination>modm\src\modm\math\filter\s_curve_generator.hpp</destination>
    <time>15.604 ms</time>
  </operation>
  <operation>
    <module>modm:math:filter</module>
    <source>..\..\ext\modm\src\modm\math\filter\s_curve_generator_impl.hpp</source>
    <destination>modm\src\modm\math\filter\s_curve_generator_impl.hpp</destination>
    <time>0.000 ms</time>
  </operation>
  <operation>
    <module>modm:math:saturation</module>
    <source>..\..\ext\modm\src\modm\math\saturation\saturated.hpp</source>
    <destination>modm\src\modm\math\saturation\saturated.hpp</destination>
    <time>15.630 ms</time>
  </operation>
  <operation>
    <module>modm:math:units</module>
    <source>..\..\ext\modm\src\modm\math\units.hpp</source>
    <destination>modm\src\modm\math\units.hpp</destination>
    <time>0.000 ms</time>
  </operation>
  <operation>
    <module>modm:math:utils</module>
    <source>..\..\ext\modm\src\modm\math\utils.hpp</source>
    <destination>modm\src\modm\math\utils.hpp</destination>
    <time>0.000 ms</time>
  </operation>
  <operation>
    <module>modm:math:utils</module>
    <source>..\..\ext\modm\src\modm\math\utils\arithmetic_traits.hpp</source>
    <destination>modm\src\modm\math\utils\arithmetic_traits.hpp</destination>
    <time>0.000 ms</time>
  </operation>
  <operation>
    <module>modm:math:utils</module>
    <source>..\..\ext\modm\src\modm\math\utils\bit_constants.hpp</source>
    <destination>modm\src\modm\math\utils\bit_constants.hpp</destination>
    <time>0.000 ms</time>
  </operation>
  <operation>
    <module>modm:math:utils</module>
    <source>..\..\ext\modm\src\modm\math\utils\bit_operation.cpp</source>
    <destination>modm\src\modm\math\utils\bit_operation.cpp</destination>
    <time>0.000 ms</time>
  </operation>
  <operation>
    <module>modm:math:utils</module>
    <source>..\..\ext\modm\src\modm\math\utils\bit_operation.hpp</source>
    <destination>modm\src\modm\math\utils\bit_operation.hpp</destination>
    <time>0.000 ms</time>
  </operation>
  <operation>
    <module>modm:math:utils</module>
    <source>..\..\ext\modm\src\modm\math\utils\crc.hpp</source>
    <destination>modm\src\modm\math\utils\crc.hpp</destination>
    <time>0.000 ms</time>
  </operation>
  <operation>
    <module>modm:math:utils</module>
    <source>..\..\ext\modm\src\modm\math\utils\endianness.hpp</source>
    <destination>modm\src\modm\math\utils\endianness.hpp</destination>
    <time>0.000 ms</time>
  </operation>
  <operation>
    <module>modm:math:utils</module>
    <source>..\..\ext\modm\src\modm\math\utils\integer_traits.hpp</source>
    <destination>modm\src\modm\math\utils\integer_traits.hpp</destination>
    <time>15.622 ms</time>
  </operation>
  <operation>
    <module>modm:math:utils</module>
    <source>..\..\ext\modm\src\modm\math\utils\misc.hpp</source>
    <destination>modm\src\modm\math\utils\misc.hpp</destination>
    <time>0.000 ms</time>
  </operation>
  <operation>
    <module>modm:math:utils</module>
    <source>..\..\ext\modm\src\modm\math\utils\operator.hpp</source>
    <destination>modm\src\modm\math\utils\operator.hpp</destination>
    <time>0.000 ms</time>
  </operation>
  <operation>
    <module>modm:math:utils</module>
    <source>..\..\ext\modm\src\modm\math\utils\operator_impl.hpp</source>
    <destination>modm\src\modm\math\utils\operator_impl.hpp</destination>
    <time>15.618 ms</time>
  </operation>
  <operation>
    <module>modm:math:utils</module>
    <source>..\..\ext\modm\src\modm\math\utils\pc\operator.cpp</source>
    <destination>modm\src\modm\math\utils\pc\operator.cpp</destination>
    <time>0.000 ms</time>
  </operation>
  <operation>
    <module>modm:platform</module>
    <source>..\..\ext\modm\src\modm\platform\platform.hpp.in</source>
    <destination>modm\src\modm\platform.hpp</destination>
    <time>0.000 ms</time>
  </operation>
  <operation>
    <module>modm:platform:adc</module>
    <source>..\..\ext\modm\src\modm\platform\adc\stm32\adc_shared_interrupts.cpp.in</source>
    <destination>modm\src\modm\platform\adc\adc_shared_interrupts.cpp</destination>
    <time>0.000 ms</time>
  </operation>
  <operation>
    <module>modm:platform:adc:1</module>
    <source>..\..\ext\modm\src\modm\platform\adc\stm32\adc.hpp.in</source>
    <destination>modm\src\modm\platform\adc\adc_1.hpp</destination>
    <time>15.651 ms</time>
  </operation>
  <operation>
    <module>modm:platform:adc:1</module>
    <source>..\..\ext\modm\src\modm\platform\adc\stm32\adc_impl.hpp.in</source>
    <destination>modm\src\modm\platform\adc\adc_1_impl.hpp</destination>
    <time>15.626 ms</time>
  </operation>
  <operation>
    <module>modm:platform:adc:1</module>
    <source>..\..\ext\modm\src\modm\platform\adc\stm32\adc_interrupt.cpp.in</source>
    <destination>modm\src\modm\platform\adc\adc_interrupt_1.cpp</destination>
    <time>0.000 ms</time>
  </operation>
  <operation>
    <module>modm:platform:adc:1</module>
    <source>..\..\ext\modm\src\modm\platform\adc\stm32\adc_interrupt.hpp.in</source>
    <destination>modm\src\modm\platform\adc\adc_interrupt_1.hpp</destination>
    <time>0.000 ms</time>
  </operation>
  <operation>
    <module>modm:platform:clock</module>
    <source>..\..\ext\modm\src\modm\platform\clock\systick\systick_timer.cpp.in</source>
    <destination>modm\src\modm\platform\clock\systick_timer.cpp</destination>
    <time>15.645 ms</time>
  </operation>
  <operation>
    <module>modm:platform:clock</module>
    <source>..\..\ext\modm\src\modm\platform\clock\systick\systick_timer.hpp.in</source>
    <destination>modm\src\modm\platform\clock\systick_timer.hpp</destination>
    <time>0.000 ms</time>
  </operation>
  <operation>
    <module>modm:platform:core</module>
    <source>..\..\ext\modm\src\modm\platform\core\cortex\delay_impl.hpp.in</source>
    <destination>modm\src\modm\platform\core\delay_impl.hpp</destination>
    <time>0.000 ms</time>
  </operation>
  <operation>
    <module>modm:platform:core</module>
    <source>..\..\ext\modm\src\modm\platform\core\cortex\delay_ns.cpp.in</source>
    <destination>modm\src\modm\platform\core\delay_ns.cpp</destination>
    <time>0.000 ms</time>
  </operation>
  <operation>
    <module>modm:platform:core</module>
    <source>..\..\ext\modm\src\modm\platform\core\cortex\delay_ns.hpp.in</source>
    <destination>modm\src\modm\platform\core\delay_ns.hpp</destination>
    <time>15.643 ms</time>
  </operation>
  <operation>
    <module>modm:platform:core</module>
    <source>..\..\ext\modm\src\modm\platform\core\stm32\dccm.ld.in</source>
    <destination>modm\link\linkerscript.ld</destination>
    <time>94.146 ms</time>
  </operation>
  <operation>
    <module>modm:platform:core</module>
    <source>..\..\ext\modm\src\modm\platform\core\stm32\startup_platform.c.in</source>
    <destination>modm\src\modm\platform\core\startup_platform.c</destination>
    <time>15.035 ms</time>
  </operation>
  <operation>
    <module>modm:platform:cortex-m</module>
    <source>..\..\ext\modm\src\modm\platform\core\cortex\assert.cpp.in</source>
    <destination>modm\src\modm\platform\core\assert.cpp</destination>
    <time>1.009 ms</time>
  </operation>
  <operation>
    <module>modm:platform:cortex-m</module>
    <source>..\..\ext\modm\src\modm\platform\core\cortex\assert_impl.hpp.in</source>
    <destination>modm\src\modm\platform\core\assert_impl.hpp</destination>
    <time>0.000 ms</time>
  </operation>
  <operation>
    <module>modm:platform:cortex-m</module>
    <source>..\..\ext\modm\src\modm\platform\core\cortex\atomic_lock_impl.hpp.in</source>
    <destination>modm\src\modm\platform\core\atomic_lock_impl.hpp</destination>
    <time>0.000 ms</time>
  </operation>
  <operation>
    <module>modm:platform:cortex-m</module>
    <source>..\..\ext\modm\src\modm\platform\core\cortex\delay.cpp.in</source>
    <destination>modm\src\modm\platform\core\delay.cpp</destination>
    <time>0.000 ms</time>
  </operation>
  <operation>
    <module>modm:platform:cortex-m</module>
    <source>..\..\ext\modm\src\modm\platform\core\cortex\flash_reader_impl.hpp</source>
    <destination>modm\src\modm\platform\core\flash_reader_impl.hpp</destination>
    <time>0.000 ms</time>
  </operation>
  <operation>
    <module>modm:platform:cortex-m</module>
    <source>..\..\ext\modm\src\modm\platform\core\cortex\hardware_init.hpp</source>
    <destination>modm\src\modm\platform\core\hardware_init.hpp</destination>
    <time>15.629 ms</time>
  </operation>
  <operation>
    <module>modm:platform:cortex-m</module>
    <source>..\..\ext\modm\src\modm\platform\core\cortex\reset_handler.sx.in</source>
    <destination>modm\src\modm\platform\core\reset_handler.sx</destination>
    <time>0.000 ms</time>
  </operation>
  <operation>
    <module>modm:platform:cortex-m</module>
    <source>..\..\ext\modm\src\modm\platform\core\cortex\startup.c.in</source>
    <destination>modm\src\modm\platform\core\startup.c</destination>
    <time>0.000 ms</time>
  </operation>
  <operation>
    <module>modm:platform:cortex-m</module>
    <source>..\..\ext\modm\src\modm\platform\core\cortex\vectors.c.in</source>
    <destination>modm\src\modm\platform\core\vectors.c</destination>
    <time>15.621 ms</time>
  </operation>
  <operation>
    <module>modm:platform:cortex-m</module>
    <source>..\..\ext\modm\src\modm\platform\core\cortex\vectors.hpp.in</source>
    <destination>modm\src\modm\platform\core\vectors.hpp</destination>
    <time>15.595 ms</time>
  </operation>
  <operation>
    <module>modm:platform:cortex-m</module>
    <source>..\..\ext\modm\src\modm\platform\heap\cortex\no_heap.c.in</source>
    <destination>modm\src\modm\platform\core\no_heap.c</destination>
    <time>0.000 ms</time>
  </operation>
  <operation>
    <module>modm:platform:gpio</module>
    <source>..\..\ext\modm\src\modm\platform\gpio\common\connector.hpp.in</source>
    <destination>modm\src\modm\platform\gpio\connector.hpp</destination>
    <time>0.000 ms</time>
  </operation>
  <operation>
    <module>modm:platform:gpio</module>
    <source>..\..\ext\modm\src\modm\platform\gpio\common\inverted.hpp</source>
    <destination>modm\src\modm\platform\gpio\inverted.hpp</destination>
    <time>0.000 ms</time>
  </operation>
  <operation>
    <module>modm:platform:gpio</module>
    <source>..\..\ext\modm\src\modm\platform\gpio\common\pins.hpp.in</source>
    <destination>modm\src\modm\platform\gpio\pins.hpp</destination>
    <time>15.627 ms</time>
  </operation>
  <operation>
    <module>modm:platform:gpio</module>
    <source>..\..\ext\modm\src\modm\platform\gpio\common\port_shim.hpp.in</source>
    <destination>modm\src\modm\platform\gpio\port_shim.hpp</destination>
    <time>0.000 ms</time>
  </operation>
  <operation>
    <module>modm:platform:gpio</module>
    <source>..\..\ext\modm\src\modm\platform\gpio\common\unused.hpp.in</source>
    <destination>modm\src\modm\platform\gpio\unused.hpp</destination>
    <time>5.008 ms</time>
  </operation>
  <operation>
    <module>modm:platform:gpio</module>
    <source>..\..\ext\modm\src\modm\platform\gpio\stm32\base.hpp.in</source>
    <destination>modm\src\modm\platform\gpio\base.hpp</destination>
    <time>11.011 ms</time>
  </operation>
  <operation>
    <module>modm:platform:gpio</module>
    <source>..\..\ext\modm\src\modm\platform\gpio\stm32\data.hpp.in</source>
    <destination>modm\src\modm\platform\gpio\data.hpp</destination>
    <time>36.753 ms</time>
  </operation>
  <operation>
    <module>modm:platform:gpio</module>
    <source>..\..\ext\modm\src\modm\platform\gpio\stm32\enable.cpp.in</source>
    <destination>modm\src\modm\platform\gpio\enable.cpp</destination>
    <time>15.629 ms</time>
  </operation>
  <operation>
    <module>modm:platform:gpio</module>
    <source>..\..\ext\modm\src\modm\platform\gpio\stm32\port.hpp.in</source>
    <destination>modm\src\modm\platform\gpio\port.hpp</destination>
    <time>0.000 ms</time>
  </operation>
  <operation>
    <module>modm:platform:gpio</module>
    <source>..\..\ext\modm\src\modm\platform\gpio\stm32\set.hpp.in</source>
    <destination>modm\src\modm\platform\gpio\set.hpp</destination>
    <time>46.756 ms</time>
  </operation>
  <operation>
    <module>modm:platform:gpio</module>
    <source>..\..\ext\modm\src\modm\platform\gpio\stm32\software_port.hpp.in</source>
    <destination>modm\src\modm\platform\gpio\software_port.hpp</destination>
    <time>0.507 ms</time>
  </operation>
  <operation>
    <module>modm:platform:gpio</module>
    <source>..\..\ext\modm\src\modm\platform\gpio\stm32\static.hpp.in</source>
    <destination>modm\src\modm\platform\gpio\static.hpp</destination>
    <time>10.507 ms</time>
  </operation>
  <operation>
    <module>modm:platform:i2c:1</module>
    <source>..\..\ext\modm\src\modm\platform\i2c\stm32\i2c_master.cpp.in</source>
    <destination>modm\src\modm\platform\i2c\i2c_master_1.cpp</destination>
    <time>15.614 ms</time>
  </operation>
  <operation>
    <module>modm:platform:i2c:1</module>
    <source>..\..\ext\modm\src\modm\platform\i2c\stm32\i2c_master.hpp.in</source>
    <destination>modm\src\modm\platform\i2c\i2c_master_1.hpp</destination>
    <time>15.621 ms</time>
  </operation>
  <operation>
    <module>modm:platform:rcc</module>
    <source>..\..\ext\modm\src\modm\platform\clock\stm32\rcc.cpp.in</source>
    <destination>modm\src\modm\platform\clock\rcc.cpp</destination>
    <time>31.709 ms</time>
  </operation>
  <operation>
    <module>modm:platform:rcc</module>
    <source>..\..\ext\modm\src\modm\platform\clock\stm32\rcc.hpp.in</source>
    <destination>modm\src\modm\platform\clock\rcc.hpp</destination>
    <time>82.586 ms</time>
  </operation>
  <operation>
    <module>modm:platform:rcc</module>
    <source>..\..\ext\modm\src\modm\platform\clock\stm32\rcc_impl.hpp.in</source>
    <destination>modm\src\modm\platform\clock\rcc_impl.hpp</destination>
    <time>11.040 ms</time>
  </operation>
  <operation>
    <module>modm:platform:rtt</module>
    <source>..\..\ext\modm\src\modm\platform\uart\rtt\rtt.cpp.in</source>
    <destination>modm\src\modm\platform\rtt\rtt.cpp</destination>
    <time>15.638 ms</time>
  </operation>
  <operation>
    <module>modm:platform:rtt</module>
    <source>..\..\ext\modm\src\modm\platform\uart\rtt\rtt.hpp.in</source>
    <destination>modm\src\modm\platform\rtt\rtt.hpp</destination>
    <time>0.000 ms</time>
  </operation>
  <operation>
    <module>modm:platform:spi</module>
    <source>..\..\ext\modm\src\modm\platform\spi\stm32\spi_base.hpp.in</source>
    <destination>modm\src\modm\platform\spi\spi_base.hpp</destination>
    <time>0.000 ms</time>
  </operation>
  <operation>
    <module>modm:platform:spi:1</module>
    <source>..\..\ext\modm\src\modm\platform\spi\stm32\spi_hal.hpp.in</source>
    <destination>modm\src\modm\platform\spi\spi_hal_1.hpp</destination>
    <time>0.000 ms</time>
  </operation>
  <operation>
    <module>modm:platform:spi:1</module>
    <source>..\..\ext\modm\src\modm\platform\spi\stm32\spi_hal_impl.hpp.in</source>
    <destination>modm\src\modm\platform\spi\spi_hal_1_impl.hpp</destination>
    <time>15.596 ms</time>
  </operation>
  <operation>
    <module>modm:platform:spi:1</module>
    <source>..\..\ext\modm\src\modm\platform\spi\stm32\spi_master.cpp.in</source>
    <destination>modm\src\modm\platform\spi\spi_master_1.cpp</destination>
    <time>10.658 ms</time>
  </operation>
  <operation>
    <module>modm:platform:spi:1</module>
    <source>..\..\ext\modm\src\modm\platform\spi\stm32\spi_master.hpp.in</source>
    <destination>modm\src\modm\platform\spi\spi_master_1.hpp</destination>
    <time>16.067 ms</time>
  </operation>
  <operation>
    <module>modm:platform:timer</module>
    <source>..\..\ext\modm\src\modm\platform\timer\stm32\advanced_base.hpp.in</source>
    <destination>modm\src\modm\platform\timer\advanced_base.hpp</destination>
    <time>15.011 ms</time>
  </operation>
  <operation>
    <module>modm:platform:timer</module>
    <source>..\..\ext\modm\src\modm\platform\timer\stm32\basic_base.hpp.in</source>
    <destination>modm\src\modm\platform\timer\basic_base.hpp</destination>
    <time>0.000 ms</time>
  </operation>
  <operation>
    <module>modm:platform:timer</module>
    <source>..\..\ext\modm\src\modm\platform\timer\stm32\general_purpose_base.hpp.in</source>
    <destination>modm\src\modm\platform\timer\general_purpose_base.hpp</destination>
    <time>16.659 ms</time>
  </operation>
  <operation>
    <module>modm:platform:timer:1</module>
    <source>..\..\ext\modm\src\modm\platform\timer\stm32\advanced.cpp.in</source>
    <destination>modm\src\modm\platform\timer\timer_1.cpp</destination>
    <time>15.646 ms</time>
  </operation>
  <operation>
    <module>modm:platform:timer:1</module>
    <source>..\..\ext\modm\src\modm\platform\timer\stm32\advanced.hpp.in</source>
    <destination>modm\src\modm\platform\timer\timer_1.hpp</destination>
    <time>15.590 ms</time>
  </operation>
  <operation>
    <module>modm:platform:usb:fs</module>
    <source>..\..\ext\modm\src\modm\platform\usb\stm32\usb.hpp.in</source>
    <destination>modm\src\modm\platform\usb\usb_fs.hpp</destination>
    <time>16.039 ms</time>
  </operation>
  <operation>
    <module>modm:printf</module>
    <source>..\..\ext\modm\ext\eyalroz\printf\src\printf\printf.c</source>
    <destination>modm\ext\printf\printf.c</destination>
    <time>0.000 ms</time>
  </operation>
  <operation>
    <module>modm:printf</module>
    <source>..\..\ext\modm\ext\eyalroz\printf\src\printf\printf.h</source>
    <destination>modm\ext\printf\printf.h</destination>
    <time>15.622 ms</time>
  </operation>
  <operation>
    <module>modm:printf</module>
    <source>..\..\ext\modm\ext\eyalroz\printf_config.h.in</source>
    <destination>modm\ext\printf\printf_config.h</destination>
    <time>0.000 ms</time>
  </operation>
  <operation>
    <module>modm:processing</module>
    <source>..\..\ext\modm\src\modm\processing\processing.hpp.in</source>
    <destination>modm\src\modm\processing.hpp</destination>
    <time>0.000 ms</time>
  </operation>
  <operation>
    <module>modm:processing</module>
    <source>..\..\ext\modm\src\modm\processing\task.hpp</source>
    <destination>modm\src\modm\processing\task.hpp</destination>
    <time>0.000 ms</time>
  </operation>
  <operation>
    <module>modm:processing:fiber</module>
    <source>..\..\ext\modm\src\modm\processing\fiber.hpp.in</source>
    <destination>modm\src\modm\processing\fiber.hpp</destination>
    <time>0.000 ms</time>
  </operation>
  <operation>
    <module>modm:processing:fiber</module>
    <source>..\..\ext\modm\src\modm\processing\fiber\barrier.hpp</source>
    <destination>modm\src\modm\processing\fiber\barrier.hpp</destination>
    <time>14.179 ms</time>
  </operation>
  <operation>
    <module>modm:processing:fiber</module>
    <source>..\..\ext\modm\src\modm\processing\fiber\condition_variable.hpp</source>
    <destination>modm\src\modm\processing\fiber\condition_variable.hpp</destination>
    <time>0.000 ms</time>
  </operation>
  <operation>
    <module>modm:processing:fiber</module>
    <source>..\..\ext\modm\src\modm\processing\fiber\context.h</source>
    <destination>modm\src\modm\processing\fiber\context.h</destination>
    <time>0.000 ms</time>
  </operation>
  <operation>
    <module>modm:processing:fiber</module>
    <source>..\..\ext\modm\src\modm\processing\fiber\context_arm_m.cpp.in</source>
    <destination>modm\src\modm\processing\fiber\context_arm_m.cpp</destination>
    <time>16.018 ms</time>
  </operation>
  <operation>
    <module>modm:processing:fiber</module>
    <source>..\..\ext\modm\src\modm\processing\fiber\latch.hpp</source>
    <destination>modm\src\modm\processing\fiber\latch.hpp</destination>
    <time>0.000 ms</time>
  </operation>
  <operation>
    <module>modm:processing:fiber</module>
    <source>..\..\ext\modm\src\modm\processing\fiber\mutex.hpp</source>
    <destination>modm\src\modm\processing\fiber\mutex.hpp</destination>
    <time>0.000 ms</time>
  </operation>
  <operation>
    <module>modm:processing:fiber</module>
    <source>..\..\ext\modm\src\modm\processing\fiber\scheduler.cpp</source>
    <destination>modm\src\modm\processing\fiber\scheduler.cpp</destination>
    <time>0.000 ms</time>
  </operation>
  <operation>
    <module>modm:processing:fiber</module>
    <source>..\..\ext\modm\src\modm\processing\fiber\scheduler.hpp.in</source>
    <destination>modm\src\modm\processing\fiber\scheduler.hpp</destination>
    <time>15.628 ms</time>
  </operation>
  <operation>
    <module>modm:processing:fiber</module>
    <source>..\..\ext\modm\src\modm\processing\fiber\semaphore.hpp</source>
    <destination>modm\src\modm\processing\fiber\semaphore.hpp</destination>
    <time>0.000 ms</time>
  </operation>
  <operation>
    <module>modm:processing:fiber</module>
    <source>..\..\ext\modm\src\modm\processing\fiber\shared_mutex.hpp</source>
    <destination>modm\src\modm\processing\fiber\shared_mutex.hpp</destination>
    <time>0.000 ms</time>
  </operation>
  <operation>
    <module>modm:processing:fiber</module>
    <source>..\..\ext\modm\src\modm\processing\fiber\stack.hpp.in</source>
    <destination>modm\src\modm\processing\fiber\stack.hpp</destination>
    <time>0.000 ms</time>
  </operation>
  <operation>
    <module>modm:processing:fiber</module>
    <source>..\..\ext\modm\src\modm\processing\fiber\stop_token.hpp</source>
    <destination>modm\src\modm\processing\fiber\stop_token.hpp</destination>
    <time>0.000 ms</time>
  </operation>
  <operation>
    <module>modm:processing:fiber</module>
    <source>..\..\ext\modm\src\modm\processing\fiber\task.hpp</source>
    <destination>modm\src\modm\processing\fiber\task.hpp</destination>
    <time>0.000 ms</time>
  </operation>
  <operation>
    <module>modm:processing:fiber</module>
    <source>..\..\ext\modm\src\modm\processing\fiber\task_impl.hpp</source>
    <destination>modm\src\modm\processing\fiber\task_impl.hpp</destination>
    <time>0.000 ms</time>
  </operation>
  <operation>
    <module>modm:processing:resumable</module>
    <source>..\..\ext\modm\src\modm\processing\resumable.hpp</source>
    <destination>modm\src\modm\processing\resumable.hpp</destination>
    <time>0.000 ms</time>
  </operation>
  <operation>
    <module>modm:processing:resumable</module>
    <source>..\..\ext\modm\src\modm\processing\resumable\macros_fiber.hpp</source>
    <destination>modm\src\modm\processing\resumable\macros.hpp</destination>
    <time>0.000 ms</time>
  </operation>
  <operation>
    <module>modm:processing:resumable</module>
    <source>..\..\ext\modm\src\modm\processing\resumable\resumable_fiber.hpp</source>
    <destination>modm\src\modm\processing\resumable\resumable.hpp</destination>
    <time>0.000 ms</time>
  </operation>
  <operation>
    <module>modm:stdc</module>
    <source>..\..\ext\modm\ext\gcc\cabi_cortex.c</source>
    <destination>modm\ext\gcc\cabi.c</destination>
    <time>0.000 ms</time>
  </operation>
  <operation>
    <module>modm:stdc++</module>
    <source>..\..\ext\modm\ext\gcc\atomic</source>
    <destination>modm\ext\gcc\atomic</destination>
    <time>0.000 ms</time>
  </operation>
  <operation>
    <module>modm:stdc++</module>
    <source>..\..\ext\modm\ext\gcc\atomic.cpp.in</source>
    <destination>modm\ext\gcc\atomic.cpp</destination>
    <time>14.517 ms</time>
  </operation>
  <operation>
    <module>modm:stdc++</module>
    <source>..\..\ext\modm\ext\gcc\cxxabi.cpp.in</source>
    <destination>modm\ext\gcc\cxxabi.cpp</destination>
    <time>0.000 ms</time>
  </operation>
  <operation>
    <module>modm:stdc++</module>
    <source>..\..\ext\modm\ext\gcc\modm_atomic.hpp.in</source>
    <destination>modm\ext\gcc\modm_atomic.hpp</destination>
    <time>32.752 ms</time>
  </operation>
  <operation>
    <module>modm:stdc++</module>
    <source>..\..\ext\modm\ext\gcc\new_delete.cpp.in</source>
    <destination>modm\ext\gcc\new_delete.cpp</destination>
    <time>15.621 ms</time>
  </operation>
  <operation>
    <module>modm:utils</module>
    <source>..\..\ext\modm\src\modm\utils\aligned_storage.hpp</source>
    <destination>modm\src\modm\utils\aligned_storage.hpp</destination>
    <time>15.622 ms</time>
  </operation>
  <operation>
    <module>modm:utils</module>
    <source>..\..\ext\modm\src\modm\utils\allocator.hpp</source>
    <destination>modm\src\modm\utils\allocator.hpp</destination>
    <time>0.000 ms</time>
  </operation>
  <operation>
    <module>modm:utils</module>
    <source>..\..\ext\modm\src\modm\utils\inplace_any.hpp</source>
    <destination>modm\src\modm\utils\inplace_any.hpp</destination>
    <time>0.000 ms</time>
  </operation>
  <operation>
    <module>modm:utils</module>
    <source>..\..\ext\modm\src\modm\utils\inplace_function.hpp</source>
    <destination>modm\src\modm\utils\inplace_function.hpp</destination>
    <time>0.000 ms</time>
  </operation>
  <operation>
    <module>modm:utils</module>
    <source>..\..\ext\modm\src\modm\utils\type_traits.hpp</source>
    <destination>modm\src\modm\utils\type_traits.hpp</destination>
    <time>0.000 ms</time>
  </operation>
  <operation>
    <module>modm:utils</module>
    <source>..\..\ext\modm\src\modm\utils\utils.hpp</source>
    <destination>modm\src\modm\utils.hpp</destination>
    <time>0.000 ms</time>
  </operation>
</buildlog>
